[debug] [2023-03-01T08:21:56.894Z] ----------------------------------------------------------------------
[debug] [2023-03-01T08:21:56.896Z] Command:       /Users/insu/.nvm/versions/node/v16.19.1/bin/node /Users/insu/.yarn-global/bin/firebase deploy
[debug] [2023-03-01T08:21:56.897Z] CLI Version:   11.24.0
[debug] [2023-03-01T08:21:56.897Z] Platform:      darwin
[debug] [2023-03-01T08:21:56.897Z] Node Version:  v16.19.1
[debug] [2023-03-01T08:21:56.898Z] Time:          Wed Mar 01 2023 17:21:56 GMT+0900 (대한민국 표준시)
[debug] [2023-03-01T08:21:56.899Z] ----------------------------------------------------------------------
[debug] 
[debug] [2023-03-01T08:21:56.963Z] > command requires scopes: ["email","openid","https://www.googleapis.com/auth/cloudplatformprojects.readonly","https://www.googleapis.com/auth/firebase","https://www.googleapis.com/auth/cloud-platform"]
[debug] [2023-03-01T08:21:56.964Z] > authorizing via signed-in user (carpediem7760@gmail.com)
[debug] [2023-03-01T08:21:56.964Z] [iam] checking project zippass-ae782 for permissions ["cloudfunctions.functions.create","cloudfunctions.functions.delete","cloudfunctions.functions.get","cloudfunctions.functions.list","cloudfunctions.functions.update","cloudfunctions.operations.get","firebase.projects.get"]
[debug] [2023-03-01T08:21:56.966Z] >>> [apiv2][query] POST https://cloudresourcemanager.googleapis.com/v1/projects/zippass-ae782:testIamPermissions [none]
[debug] [2023-03-01T08:21:56.966Z] >>> [apiv2][(partial)header] POST https://cloudresourcemanager.googleapis.com/v1/projects/zippass-ae782:testIamPermissions x-goog-quota-user=projects/zippass-ae782
[debug] [2023-03-01T08:21:56.966Z] >>> [apiv2][body] POST https://cloudresourcemanager.googleapis.com/v1/projects/zippass-ae782:testIamPermissions {"permissions":["cloudfunctions.functions.create","cloudfunctions.functions.delete","cloudfunctions.functions.get","cloudfunctions.functions.list","cloudfunctions.functions.update","cloudfunctions.operations.get","firebase.projects.get"]}
[debug] [2023-03-01T08:21:57.802Z] <<< [apiv2][status] POST https://cloudresourcemanager.googleapis.com/v1/projects/zippass-ae782:testIamPermissions 200
[debug] [2023-03-01T08:21:57.803Z] <<< [apiv2][body] POST https://cloudresourcemanager.googleapis.com/v1/projects/zippass-ae782:testIamPermissions {"permissions":["cloudfunctions.functions.create","cloudfunctions.functions.delete","cloudfunctions.functions.get","cloudfunctions.functions.list","cloudfunctions.functions.update","cloudfunctions.operations.get","firebase.projects.get"]}
[debug] [2023-03-01T08:21:57.803Z] >>> [apiv2][query] POST https://iam.googleapis.com/v1/projects/zippass-ae782/serviceAccounts/zippass-ae782@appspot.gserviceaccount.com:testIamPermissions [none]
[debug] [2023-03-01T08:21:57.803Z] >>> [apiv2][body] POST https://iam.googleapis.com/v1/projects/zippass-ae782/serviceAccounts/zippass-ae782@appspot.gserviceaccount.com:testIamPermissions {"permissions":["iam.serviceAccounts.actAs"]}
[debug] [2023-03-01T08:21:58.590Z] <<< [apiv2][status] POST https://iam.googleapis.com/v1/projects/zippass-ae782/serviceAccounts/zippass-ae782@appspot.gserviceaccount.com:testIamPermissions 200
[debug] [2023-03-01T08:21:58.590Z] <<< [apiv2][body] POST https://iam.googleapis.com/v1/projects/zippass-ae782/serviceAccounts/zippass-ae782@appspot.gserviceaccount.com:testIamPermissions {"permissions":["iam.serviceAccounts.actAs"]}
[info] 
[info] === Deploying to 'zippass-ae782'...
[info] 
[info] i  deploying functions 
[info] Running command: npm --prefix "$RESOURCE_DIR" run lint
[info] Running command: npm --prefix "$RESOURCE_DIR" run build
[info] ✔  functions: Finished running predeploy script. 
[debug] [2023-03-01T08:22:08.311Z] >>> [apiv2][query] GET https://firebase.googleapis.com/v1beta1/projects/zippass-ae782 [none]
[debug] [2023-03-01T08:22:09.139Z] <<< [apiv2][status] GET https://firebase.googleapis.com/v1beta1/projects/zippass-ae782 200
[debug] [2023-03-01T08:22:09.140Z] <<< [apiv2][body] GET https://firebase.googleapis.com/v1beta1/projects/zippass-ae782 {"projectId":"zippass-ae782","projectNumber":"839829491962","displayName":"zippass","name":"projects/zippass-ae782","resources":{"hostingSite":"zippass-ae782"},"state":"ACTIVE","etag":"1_2ceedb9e-9911-4562-b535-75d6f994e862"}
[info] i  functions: preparing codebase default for deployment 
[info] i  functions: ensuring required API cloudfunctions.googleapis.com is enabled... 
[info] i  functions: ensuring required API cloudbuild.googleapis.com is enabled... 
[info] i  artifactregistry: ensuring required API artifactregistry.googleapis.com is enabled... 
[debug] [2023-03-01T08:22:09.142Z] >>> [apiv2][query] GET https://serviceusage.googleapis.com/v1/projects/zippass-ae782/services/cloudfunctions.googleapis.com [none]
[debug] [2023-03-01T08:22:09.142Z] >>> [apiv2][(partial)header] GET https://serviceusage.googleapis.com/v1/projects/zippass-ae782/services/cloudfunctions.googleapis.com x-goog-quota-user=projects/zippass-ae782
[debug] [2023-03-01T08:22:09.143Z] >>> [apiv2][query] GET https://serviceusage.googleapis.com/v1/projects/zippass-ae782/services/runtimeconfig.googleapis.com [none]
[debug] [2023-03-01T08:22:09.143Z] >>> [apiv2][(partial)header] GET https://serviceusage.googleapis.com/v1/projects/zippass-ae782/services/runtimeconfig.googleapis.com x-goog-quota-user=projects/zippass-ae782
[debug] [2023-03-01T08:22:09.144Z] >>> [apiv2][query] GET https://serviceusage.googleapis.com/v1/projects/zippass-ae782/services/cloudbuild.googleapis.com [none]
[debug] [2023-03-01T08:22:09.144Z] >>> [apiv2][(partial)header] GET https://serviceusage.googleapis.com/v1/projects/zippass-ae782/services/cloudbuild.googleapis.com x-goog-quota-user=projects/zippass-ae782
[debug] [2023-03-01T08:22:09.145Z] >>> [apiv2][query] GET https://serviceusage.googleapis.com/v1/projects/zippass-ae782/services/artifactregistry.googleapis.com [none]
[debug] [2023-03-01T08:22:09.145Z] >>> [apiv2][(partial)header] GET https://serviceusage.googleapis.com/v1/projects/zippass-ae782/services/artifactregistry.googleapis.com x-goog-quota-user=projects/zippass-ae782
[debug] [2023-03-01T08:22:10.473Z] <<< [apiv2][status] GET https://serviceusage.googleapis.com/v1/projects/zippass-ae782/services/runtimeconfig.googleapis.com 200
[debug] [2023-03-01T08:22:10.473Z] <<< [apiv2][body] GET https://serviceusage.googleapis.com/v1/projects/zippass-ae782/services/runtimeconfig.googleapis.com [omitted]
[debug] [2023-03-01T08:22:10.474Z] <<< [apiv2][status] GET https://serviceusage.googleapis.com/v1/projects/zippass-ae782/services/cloudfunctions.googleapis.com 200
[debug] [2023-03-01T08:22:10.475Z] <<< [apiv2][body] GET https://serviceusage.googleapis.com/v1/projects/zippass-ae782/services/cloudfunctions.googleapis.com [omitted]
[info] ✔  functions: required API cloudfunctions.googleapis.com is enabled 
[debug] [2023-03-01T08:22:10.475Z] <<< [apiv2][status] GET https://serviceusage.googleapis.com/v1/projects/zippass-ae782/services/cloudbuild.googleapis.com 200
[debug] [2023-03-01T08:22:10.475Z] <<< [apiv2][body] GET https://serviceusage.googleapis.com/v1/projects/zippass-ae782/services/cloudbuild.googleapis.com [omitted]
[info] ✔  functions: required API cloudbuild.googleapis.com is enabled 
[debug] [2023-03-01T08:22:10.476Z] <<< [apiv2][status] GET https://serviceusage.googleapis.com/v1/projects/zippass-ae782/services/artifactregistry.googleapis.com 200
[debug] [2023-03-01T08:22:10.476Z] <<< [apiv2][body] GET https://serviceusage.googleapis.com/v1/projects/zippass-ae782/services/artifactregistry.googleapis.com [omitted]
[info] ✔  artifactregistry: required API artifactregistry.googleapis.com is enabled 
[debug] [2023-03-01T08:22:10.477Z] >>> [apiv2][query] GET https://firebase.googleapis.com/v1beta1/projects/zippass-ae782/adminSdkConfig [none]
[debug] [2023-03-01T08:22:10.984Z] <<< [apiv2][status] GET https://firebase.googleapis.com/v1beta1/projects/zippass-ae782/adminSdkConfig 200
[debug] [2023-03-01T08:22:10.984Z] <<< [apiv2][body] GET https://firebase.googleapis.com/v1beta1/projects/zippass-ae782/adminSdkConfig {"projectId":"zippass-ae782","storageBucket":"zippass-ae782.appspot.com"}
[debug] [2023-03-01T08:22:10.985Z] >>> [apiv2][query] GET https://runtimeconfig.googleapis.com/v1beta1/projects/zippass-ae782/configs [none]
[debug] [2023-03-01T08:22:12.312Z] <<< [apiv2][status] GET https://runtimeconfig.googleapis.com/v1beta1/projects/zippass-ae782/configs 200
[debug] [2023-03-01T08:22:12.312Z] <<< [apiv2][body] GET https://runtimeconfig.googleapis.com/v1beta1/projects/zippass-ae782/configs {}
[debug] [2023-03-01T08:22:12.314Z] Validating nodejs source
[debug] [2023-03-01T08:22:12.870Z] > [functions] package.json contents: {
  "name": "functions",
  "scripts": {
    "lint": "eslint --ext .js,.ts .",
    "build": "tsc",
    "build:watch": "tsc --watch",
    "serve": "npm run build && firebase emulators:start --only functions",
    "shell": "npm run build && firebase functions:shell",
    "start": "npm run shell",
    "deploy": "firebase deploy --only functions",
    "logs": "firebase functions:log"
  },
  "engines": {
    "node": "16"
  },
  "main": "lib/index.js",
  "dependencies": {
    "axios": "^1.3.4",
    "cors": "^2.8.5",
    "dotenv": "^16.0.3",
    "express": "^4.18.2",
    "firebase-admin": "^11.5.0",
    "firebase-functions": "^4.2.0"
  },
  "devDependencies": {
    "@typescript-eslint/eslint-plugin": "^5.12.0",
    "@typescript-eslint/parser": "^5.12.0",
    "eslint": "^8.9.0",
    "eslint-config-google": "^0.14.0",
    "eslint-plugin-import": "^2.25.4",
    "firebase-functions-test": "^3.0.0",
    "typescript": "^4.9.0"
  },
  "private": true
}
[debug] [2023-03-01T08:22:12.871Z] Building nodejs source
[debug] [2023-03-01T08:22:12.872Z] Could not find functions.yaml. Must use http discovery
[debug] [2023-03-01T08:22:12.883Z] Found firebase-functions binary at '/Users/insu/Desktop/coding/zip_pass_web/functions/node_modules/.bin/firebase-functions'
[debug] [2023-03-01T08:22:13.129Z] Serving at port 8400

[debug] [2023-03-01T08:22:13.356Z] Got response from /__/functions.yaml {"endpoints":{"helloWorld":{"platform":"gcfv1","availableMemoryMb":null,"timeoutSeconds":null,"minInstances":null,"maxInstances":null,"ingressSettings":null,"serviceAccountEmail":null,"vpc":null,"httpsTrigger":{},"entryPoint":"helloWorld"}},"specVersion":"v1alpha1","requiredAPIs":[]}
[debug] [2023-03-01T08:22:13.361Z] shutdown requested via /__/quitquitquit

[info] i  functions: preparing functions directory for uploading... 
[info] i  functions: packaged /Users/insu/Desktop/coding/zip_pass_web/functions (266.77 KB) for uploading 
[debug] [2023-03-01T08:22:13.427Z] >>> [apiv2][query] GET https://cloudfunctions.googleapis.com/v1/projects/zippass-ae782/locations/-/functions [none]
[debug] [2023-03-01T08:22:14.156Z] <<< [apiv2][status] GET https://cloudfunctions.googleapis.com/v1/projects/zippass-ae782/locations/-/functions 200
[debug] [2023-03-01T08:22:14.156Z] <<< [apiv2][body] GET https://cloudfunctions.googleapis.com/v1/projects/zippass-ae782/locations/-/functions {"functions":[{"name":"projects/zippass-ae782/locations/us-central1/functions/helloWorld","httpsTrigger":{"url":"https://us-central1-zippass-ae782.cloudfunctions.net/helloWorld","securityLevel":"SECURE_ALWAYS"},"status":"ACTIVE","entryPoint":"helloWorld","timeout":"60s","availableMemoryMb":256,"serviceAccountEmail":"zippass-ae782@appspot.gserviceaccount.com","updateTime":"2023-03-01T08:04:03.279Z","versionId":"1","labels":{"deployment-tool":"cli-firebase","firebase-functions-hash":"e517ac0769f5a604d26fbc8c04f09d7a31a06d54"},"sourceUploadUrl":"https://storage.googleapis.com/uploads-294041090976.us-central1.cloudfunctions.appspot.com/3eb0f6d6-882b-473b-ae43-c9bc21cf9c65.zip","environmentVariables":{"FIREBASE_CONFIG":"{\"projectId\":\"zippass-ae782\",\"storageBucket\":\"zippass-ae782.appspot.com\"}","GCLOUD_PROJECT":"zippass-ae782","EVENTARC_CLOUD_EVENT_SOURCE":"projects/zippass-ae782/locations/us-central1/functions/helloWorld"},"runtime":"nodejs16","ingressSettings":"ALLOW_ALL","buildId":"aa56d7a7-1d4b-41d8-a0b3-acc83c5c00a1","buildName":"projects/839829491962/locations/us-central1/builds/aa56d7a7-1d4b-41d8-a0b3-acc83c5c00a1","dockerRegistry":"ARTIFACT_REGISTRY"}]}
[debug] [2023-03-01T08:22:14.157Z] >>> [apiv2][query] GET https://cloudfunctions.googleapis.com/v2/projects/zippass-ae782/locations/-/functions filter=environment%3D%22GEN_2%22
[debug] [2023-03-01T08:22:15.690Z] <<< [apiv2][status] GET https://cloudfunctions.googleapis.com/v2/projects/zippass-ae782/locations/-/functions 200
[debug] [2023-03-01T08:22:15.690Z] <<< [apiv2][body] GET https://cloudfunctions.googleapis.com/v2/projects/zippass-ae782/locations/-/functions {}
[debug] [2023-03-01T08:22:15.696Z] >>> [apiv2][query] GET https://firebase.googleapis.com/v1beta1/projects/zippass-ae782 [none]
[debug] [2023-03-01T08:22:16.146Z] <<< [apiv2][status] GET https://firebase.googleapis.com/v1beta1/projects/zippass-ae782 200
[debug] [2023-03-01T08:22:16.146Z] <<< [apiv2][body] GET https://firebase.googleapis.com/v1beta1/projects/zippass-ae782 {"projectId":"zippass-ae782","projectNumber":"839829491962","displayName":"zippass","name":"projects/zippass-ae782","resources":{"hostingSite":"zippass-ae782"},"state":"ACTIVE","etag":"1_2ceedb9e-9911-4562-b535-75d6f994e862"}
[debug] [2023-03-01T08:22:16.148Z] >>> [apiv2][query] POST https://cloudfunctions.googleapis.com/v1/projects/zippass-ae782/locations/us-central1/functions:generateUploadUrl [none]
[debug] [2023-03-01T08:22:16.148Z] >>> [apiv2][body] POST https://cloudfunctions.googleapis.com/v1/projects/zippass-ae782/locations/us-central1/functions:generateUploadUrl {}
[debug] [2023-03-01T08:22:17.111Z] <<< [apiv2][status] POST https://cloudfunctions.googleapis.com/v1/projects/zippass-ae782/locations/us-central1/functions:generateUploadUrl 200
[debug] [2023-03-01T08:22:17.111Z] <<< [apiv2][body] POST https://cloudfunctions.googleapis.com/v1/projects/zippass-ae782/locations/us-central1/functions:generateUploadUrl {"uploadUrl":"https://storage.googleapis.com/uploads-294041090976.us-central1.cloudfunctions.appspot.com/36ec055f-f262-46ae-baa9-eb5898eeb84d.zip?GoogleAccessId=service-839829491962@gcf-admin-robot.iam.gserviceaccount.com&Expires=1677660736&Signature=lYxVkoms359aNm45EzG1Zjh0AqEsZkCt3iilHe3zGY%2B3ytw59ohQDblxuezg36%2BFZG3VQvlJ5dOunVa9zcRSi%2FiDl4s8pkjb4qtNgwu3p9kqwvyvAP7Gm8Jj%2FifAoTbO9%2Foaqvkt9UxGjs%2FSYJz8sJ0jRPXW5ThCN6YGlc%2BpsRTCzJYnx1H4kIEMEjkm%2B1b7pdgh%2BZKrdxDZSyLgzYEHWUhxc0v9d1SFyVkVOy9R4q18TgGOIxM%2Bdge8VKJhB56rk51kczjpToK%2Bn9FuVbXok48Kh3veE4III9U5jLkbrVzc2xVFic4M93tZu%2FsrwPG5LsAmh%2Bb1iL6ASrZroMjTqA%3D%3D"}
[debug] [2023-03-01T08:22:17.112Z] >>> [apiv2][query] PUT https://storage.googleapis.com/uploads-294041090976.us-central1.cloudfunctions.appspot.com/36ec055f-f262-46ae-baa9-eb5898eeb84d.zip GoogleAccessId=service-839829491962%40gcf-admin-robot.iam.gserviceaccount.com&Expires=1677660736&Signature=lYxVkoms359aNm45EzG1Zjh0AqEsZkCt3iilHe3zGY%2B3ytw59ohQDblxuezg36%2BFZG3VQvlJ5dOunVa9zcRSi%2FiDl4s8pkjb4qtNgwu3p9kqwvyvAP7Gm8Jj%2FifAoTbO9%2Foaqvkt9UxGjs%2FSYJz8sJ0jRPXW5ThCN6YGlc%2BpsRTCzJYnx1H4kIEMEjkm%2B1b7pdgh%2BZKrdxDZSyLgzYEHWUhxc0v9d1SFyVkVOy9R4q18TgGOIxM%2Bdge8VKJhB56rk51kczjpToK%2Bn9FuVbXok48Kh3veE4III9U5jLkbrVzc2xVFic4M93tZu%2FsrwPG5LsAmh%2Bb1iL6ASrZroMjTqA%3D%3D
[debug] [2023-03-01T08:22:17.112Z] >>> [apiv2][body] PUT https://storage.googleapis.com/uploads-294041090976.us-central1.cloudfunctions.appspot.com/36ec055f-f262-46ae-baa9-eb5898eeb84d.zip [stream]
[debug] [2023-03-01T08:22:17.753Z] <<< [apiv2][status] PUT https://storage.googleapis.com/uploads-294041090976.us-central1.cloudfunctions.appspot.com/36ec055f-f262-46ae-baa9-eb5898eeb84d.zip 200
[debug] [2023-03-01T08:22:17.753Z] <<< [apiv2][body] PUT https://storage.googleapis.com/uploads-294041090976.us-central1.cloudfunctions.appspot.com/36ec055f-f262-46ae-baa9-eb5898eeb84d.zip [omitted]
[info] ✔  functions: functions folder uploaded successfully 
[info] i  functions: updating Node.js 16 function helloWorld(us-central1)... 
[debug] [2023-03-01T08:22:17.758Z] >>> [apiv2][query] PATCH https://cloudfunctions.googleapis.com/v1/projects/zippass-ae782/locations/us-central1/functions/helloWorld updateMask=name%2CsourceUploadUrl%2CentryPoint%2Cruntime%2CdockerRegistry%2Clabels%2ChttpsTrigger.securityLevel%2CminInstances%2CmaxInstances%2CingressSettings%2CenvironmentVariables%2CserviceAccountEmail%2CavailableMemoryMb%2Ctimeout%2CvpcConnector%2CvpcConnectorEgressSettings%2CsourceToken
[debug] [2023-03-01T08:22:17.758Z] >>> [apiv2][body] PATCH https://cloudfunctions.googleapis.com/v1/projects/zippass-ae782/locations/us-central1/functions/helloWorld {"name":"projects/zippass-ae782/locations/us-central1/functions/helloWorld","sourceUploadUrl":"https://storage.googleapis.com/uploads-294041090976.us-central1.cloudfunctions.appspot.com/36ec055f-f262-46ae-baa9-eb5898eeb84d.zip?GoogleAccessId=service-839829491962@gcf-admin-robot.iam.gserviceaccount.com&Expires=1677660736&Signature=lYxVkoms359aNm45EzG1Zjh0AqEsZkCt3iilHe3zGY%2B3ytw59ohQDblxuezg36%2BFZG3VQvlJ5dOunVa9zcRSi%2FiDl4s8pkjb4qtNgwu3p9kqwvyvAP7Gm8Jj%2FifAoTbO9%2Foaqvkt9UxGjs%2FSYJz8sJ0jRPXW5ThCN6YGlc%2BpsRTCzJYnx1H4kIEMEjkm%2B1b7pdgh%2BZKrdxDZSyLgzYEHWUhxc0v9d1SFyVkVOy9R4q18TgGOIxM%2Bdge8VKJhB56rk51kczjpToK%2Bn9FuVbXok48Kh3veE4III9U5jLkbrVzc2xVFic4M93tZu%2FsrwPG5LsAmh%2Bb1iL6ASrZroMjTqA%3D%3D","entryPoint":"helloWorld","runtime":"nodejs16","dockerRegistry":"ARTIFACT_REGISTRY","labels":{"deployment-tool":"cli-firebase","firebase-functions-hash":"fc69ca81ac8690c7386ee77def8b566dd44e7839"},"httpsTrigger":{"securityLevel":"SECURE_ALWAYS"},"minInstances":null,"maxInstances":null,"ingressSettings":null,"environmentVariables":{"FIREBASE_CONFIG":"{\"projectId\":\"zippass-ae782\",\"storageBucket\":\"zippass-ae782.appspot.com\"}","GCLOUD_PROJECT":"zippass-ae782","EVENTARC_CLOUD_EVENT_SOURCE":"projects/zippass-ae782/locations/us-central1/functions/helloWorld"},"serviceAccountEmail":null,"availableMemoryMb":null,"timeout":null,"vpcConnector":null,"vpcConnectorEgressSettings":null}
[debug] [2023-03-01T08:22:18.661Z] <<< [apiv2][status] PATCH https://cloudfunctions.googleapis.com/v1/projects/zippass-ae782/locations/us-central1/functions/helloWorld 200
[debug] [2023-03-01T08:22:18.661Z] <<< [apiv2][body] PATCH https://cloudfunctions.googleapis.com/v1/projects/zippass-ae782/locations/us-central1/functions/helloWorld {"name":"operations/emlwcGFzcy1hZTc4Mi91cy1jZW50cmFsMS9oZWxsb1dvcmxkL3dDcmFFTzQwbG5n","metadata":{"@type":"type.googleapis.com/google.cloud.functions.v1.OperationMetadataV1","target":"projects/zippass-ae782/locations/us-central1/functions/helloWorld","type":"UPDATE_FUNCTION","request":{"@type":"type.googleapis.com/google.cloud.functions.v1.CloudFunction","name":"projects/zippass-ae782/locations/us-central1/functions/helloWorld","httpsTrigger":{"url":"https://us-central1-zippass-ae782.cloudfunctions.net/helloWorld","securityLevel":"SECURE_ALWAYS"},"status":"ACTIVE","entryPoint":"helloWorld","updateTime":"2023-03-01T08:04:03.279Z","versionId":"1","labels":{"deployment-tool":"cli-firebase","firebase-functions-hash":"fc69ca81ac8690c7386ee77def8b566dd44e7839"},"sourceUploadUrl":"https://storage.googleapis.com/uploads-294041090976.us-central1.cloudfunctions.appspot.com/36ec055f-f262-46ae-baa9-eb5898eeb84d.zip?GoogleAccessId=service-839829491962@gcf-admin-robot.iam.gserviceaccount.com&Expires=1677660736&Signature=lYxVkoms359aNm45EzG1Zjh0AqEsZkCt3iilHe3zGY%2B3ytw59ohQDblxuezg36%2BFZG3VQvlJ5dOunVa9zcRSi%2FiDl4s8pkjb4qtNgwu3p9kqwvyvAP7Gm8Jj%2FifAoTbO9%2Foaqvkt9UxGjs%2FSYJz8sJ0jRPXW5ThCN6YGlc%2BpsRTCzJYnx1H4kIEMEjkm%2B1b7pdgh%2BZKrdxDZSyLgzYEHWUhxc0v9d1SFyVkVOy9R4q18TgGOIxM%2Bdge8VKJhB56rk51kczjpToK%2Bn9FuVbXok48Kh3veE4III9U5jLkbrVzc2xVFic4M93tZu%2FsrwPG5LsAmh%2Bb1iL6ASrZroMjTqA%3D%3D","environmentVariables":{"FIREBASE_CONFIG":"{\"projectId\":\"zippass-ae782\",\"storageBucket\":\"zippass-ae782.appspot.com\"}","GCLOUD_PROJECT":"zippass-ae782","EVENTARC_CLOUD_EVENT_SOURCE":"projects/zippass-ae782/locations/us-central1/functions/helloWorld"},"runtime":"nodejs16","buildId":"aa56d7a7-1d4b-41d8-a0b3-acc83c5c00a1","buildName":"projects/839829491962/locations/us-central1/builds/aa56d7a7-1d4b-41d8-a0b3-acc83c5c00a1","dockerRegistry":"ARTIFACT_REGISTRY"},"versionId":"2","updateTime":"2023-03-01T08:22:18Z"}}
[debug] [2023-03-01T08:22:18.662Z] >>> [apiv2][query] GET https://cloudfunctions.googleapis.com/v1/operations/emlwcGFzcy1hZTc4Mi91cy1jZW50cmFsMS9oZWxsb1dvcmxkL3dDcmFFTzQwbG5n [none]
[debug] [2023-03-01T08:22:19.173Z] <<< [apiv2][status] GET https://cloudfunctions.googleapis.com/v1/operations/emlwcGFzcy1hZTc4Mi91cy1jZW50cmFsMS9oZWxsb1dvcmxkL3dDcmFFTzQwbG5n 200
[debug] [2023-03-01T08:22:19.173Z] <<< [apiv2][body] GET https://cloudfunctions.googleapis.com/v1/operations/emlwcGFzcy1hZTc4Mi91cy1jZW50cmFsMS9oZWxsb1dvcmxkL3dDcmFFTzQwbG5n {"name":"operations/emlwcGFzcy1hZTc4Mi91cy1jZW50cmFsMS9oZWxsb1dvcmxkL3dDcmFFTzQwbG5n","metadata":{"@type":"type.googleapis.com/google.cloud.functions.v1.OperationMetadataV1","target":"projects/zippass-ae782/locations/us-central1/functions/helloWorld","type":"UPDATE_FUNCTION","request":{"@type":"type.googleapis.com/google.cloud.functions.v1.CloudFunction","name":"projects/zippass-ae782/locations/us-central1/functions/helloWorld","httpsTrigger":{"url":"https://us-central1-zippass-ae782.cloudfunctions.net/helloWorld","securityLevel":"SECURE_ALWAYS"},"status":"ACTIVE","entryPoint":"helloWorld","updateTime":"2023-03-01T08:04:03.279Z","versionId":"1","labels":{"deployment-tool":"cli-firebase","firebase-functions-hash":"fc69ca81ac8690c7386ee77def8b566dd44e7839"},"sourceUploadUrl":"https://storage.googleapis.com/uploads-294041090976.us-central1.cloudfunctions.appspot.com/36ec055f-f262-46ae-baa9-eb5898eeb84d.zip?GoogleAccessId=service-839829491962@gcf-admin-robot.iam.gserviceaccount.com&Expires=1677660736&Signature=lYxVkoms359aNm45EzG1Zjh0AqEsZkCt3iilHe3zGY%2B3ytw59ohQDblxuezg36%2BFZG3VQvlJ5dOunVa9zcRSi%2FiDl4s8pkjb4qtNgwu3p9kqwvyvAP7Gm8Jj%2FifAoTbO9%2Foaqvkt9UxGjs%2FSYJz8sJ0jRPXW5ThCN6YGlc%2BpsRTCzJYnx1H4kIEMEjkm%2B1b7pdgh%2BZKrdxDZSyLgzYEHWUhxc0v9d1SFyVkVOy9R4q18TgGOIxM%2Bdge8VKJhB56rk51kczjpToK%2Bn9FuVbXok48Kh3veE4III9U5jLkbrVzc2xVFic4M93tZu%2FsrwPG5LsAmh%2Bb1iL6ASrZroMjTqA%3D%3D","environmentVariables":{"FIREBASE_CONFIG":"{\"projectId\":\"zippass-ae782\",\"storageBucket\":\"zippass-ae782.appspot.com\"}","GCLOUD_PROJECT":"zippass-ae782","EVENTARC_CLOUD_EVENT_SOURCE":"projects/zippass-ae782/locations/us-central1/functions/helloWorld"},"runtime":"nodejs16","buildId":"aa56d7a7-1d4b-41d8-a0b3-acc83c5c00a1","buildName":"projects/839829491962/locations/us-central1/builds/aa56d7a7-1d4b-41d8-a0b3-acc83c5c00a1","dockerRegistry":"ARTIFACT_REGISTRY"},"versionId":"2","updateTime":"2023-03-01T08:22:18Z"}}
[debug] [2023-03-01T08:22:19.675Z] [update-default-us-central1-helloWorld] Retrying task index 0
[debug] [2023-03-01T08:22:19.676Z] >>> [apiv2][query] GET https://cloudfunctions.googleapis.com/v1/operations/emlwcGFzcy1hZTc4Mi91cy1jZW50cmFsMS9oZWxsb1dvcmxkL3dDcmFFTzQwbG5n [none]
[debug] [2023-03-01T08:22:20.201Z] <<< [apiv2][status] GET https://cloudfunctions.googleapis.com/v1/operations/emlwcGFzcy1hZTc4Mi91cy1jZW50cmFsMS9oZWxsb1dvcmxkL3dDcmFFTzQwbG5n 200
[debug] [2023-03-01T08:22:20.201Z] <<< [apiv2][body] GET https://cloudfunctions.googleapis.com/v1/operations/emlwcGFzcy1hZTc4Mi91cy1jZW50cmFsMS9oZWxsb1dvcmxkL3dDcmFFTzQwbG5n {"name":"operations/emlwcGFzcy1hZTc4Mi91cy1jZW50cmFsMS9oZWxsb1dvcmxkL3dDcmFFTzQwbG5n","metadata":{"@type":"type.googleapis.com/google.cloud.functions.v1.OperationMetadataV1","target":"projects/zippass-ae782/locations/us-central1/functions/helloWorld","type":"UPDATE_FUNCTION","request":{"@type":"type.googleapis.com/google.cloud.functions.v1.CloudFunction","name":"projects/zippass-ae782/locations/us-central1/functions/helloWorld","httpsTrigger":{"url":"https://us-central1-zippass-ae782.cloudfunctions.net/helloWorld","securityLevel":"SECURE_ALWAYS"},"status":"ACTIVE","entryPoint":"helloWorld","updateTime":"2023-03-01T08:04:03.279Z","versionId":"1","labels":{"deployment-tool":"cli-firebase","firebase-functions-hash":"fc69ca81ac8690c7386ee77def8b566dd44e7839"},"sourceUploadUrl":"https://storage.googleapis.com/uploads-294041090976.us-central1.cloudfunctions.appspot.com/36ec055f-f262-46ae-baa9-eb5898eeb84d.zip?GoogleAccessId=service-839829491962@gcf-admin-robot.iam.gserviceaccount.com&Expires=1677660736&Signature=lYxVkoms359aNm45EzG1Zjh0AqEsZkCt3iilHe3zGY%2B3ytw59ohQDblxuezg36%2BFZG3VQvlJ5dOunVa9zcRSi%2FiDl4s8pkjb4qtNgwu3p9kqwvyvAP7Gm8Jj%2FifAoTbO9%2Foaqvkt9UxGjs%2FSYJz8sJ0jRPXW5ThCN6YGlc%2BpsRTCzJYnx1H4kIEMEjkm%2B1b7pdgh%2BZKrdxDZSyLgzYEHWUhxc0v9d1SFyVkVOy9R4q18TgGOIxM%2Bdge8VKJhB56rk51kczjpToK%2Bn9FuVbXok48Kh3veE4III9U5jLkbrVzc2xVFic4M93tZu%2FsrwPG5LsAmh%2Bb1iL6ASrZroMjTqA%3D%3D","environmentVariables":{"FIREBASE_CONFIG":"{\"projectId\":\"zippass-ae782\",\"storageBucket\":\"zippass-ae782.appspot.com\"}","GCLOUD_PROJECT":"zippass-ae782","EVENTARC_CLOUD_EVENT_SOURCE":"projects/zippass-ae782/locations/us-central1/functions/helloWorld"},"runtime":"nodejs16","buildId":"aa56d7a7-1d4b-41d8-a0b3-acc83c5c00a1","buildName":"projects/839829491962/locations/us-central1/builds/aa56d7a7-1d4b-41d8-a0b3-acc83c5c00a1","dockerRegistry":"ARTIFACT_REGISTRY"},"versionId":"2","updateTime":"2023-03-01T08:22:18Z","buildId":"2e13b3e0-03f9-4a1c-81d0-053cfaa5a51c","buildName":"projects/839829491962/locations/us-central1/builds/2e13b3e0-03f9-4a1c-81d0-053cfaa5a51c"}}
[debug] [2023-03-01T08:22:21.203Z] [update-default-us-central1-helloWorld] Retrying task index 0
[debug] [2023-03-01T08:22:21.204Z] >>> [apiv2][query] GET https://cloudfunctions.googleapis.com/v1/operations/emlwcGFzcy1hZTc4Mi91cy1jZW50cmFsMS9oZWxsb1dvcmxkL3dDcmFFTzQwbG5n [none]
[debug] [2023-03-01T08:22:21.730Z] <<< [apiv2][status] GET https://cloudfunctions.googleapis.com/v1/operations/emlwcGFzcy1hZTc4Mi91cy1jZW50cmFsMS9oZWxsb1dvcmxkL3dDcmFFTzQwbG5n 200
[debug] [2023-03-01T08:22:21.730Z] <<< [apiv2][body] GET https://cloudfunctions.googleapis.com/v1/operations/emlwcGFzcy1hZTc4Mi91cy1jZW50cmFsMS9oZWxsb1dvcmxkL3dDcmFFTzQwbG5n {"name":"operations/emlwcGFzcy1hZTc4Mi91cy1jZW50cmFsMS9oZWxsb1dvcmxkL3dDcmFFTzQwbG5n","metadata":{"@type":"type.googleapis.com/google.cloud.functions.v1.OperationMetadataV1","target":"projects/zippass-ae782/locations/us-central1/functions/helloWorld","type":"UPDATE_FUNCTION","request":{"@type":"type.googleapis.com/google.cloud.functions.v1.CloudFunction","name":"projects/zippass-ae782/locations/us-central1/functions/helloWorld","httpsTrigger":{"url":"https://us-central1-zippass-ae782.cloudfunctions.net/helloWorld","securityLevel":"SECURE_ALWAYS"},"status":"ACTIVE","entryPoint":"helloWorld","updateTime":"2023-03-01T08:04:03.279Z","versionId":"1","labels":{"deployment-tool":"cli-firebase","firebase-functions-hash":"fc69ca81ac8690c7386ee77def8b566dd44e7839"},"sourceUploadUrl":"https://storage.googleapis.com/uploads-294041090976.us-central1.cloudfunctions.appspot.com/36ec055f-f262-46ae-baa9-eb5898eeb84d.zip?GoogleAccessId=service-839829491962@gcf-admin-robot.iam.gserviceaccount.com&Expires=1677660736&Signature=lYxVkoms359aNm45EzG1Zjh0AqEsZkCt3iilHe3zGY%2B3ytw59ohQDblxuezg36%2BFZG3VQvlJ5dOunVa9zcRSi%2FiDl4s8pkjb4qtNgwu3p9kqwvyvAP7Gm8Jj%2FifAoTbO9%2Foaqvkt9UxGjs%2FSYJz8sJ0jRPXW5ThCN6YGlc%2BpsRTCzJYnx1H4kIEMEjkm%2B1b7pdgh%2BZKrdxDZSyLgzYEHWUhxc0v9d1SFyVkVOy9R4q18TgGOIxM%2Bdge8VKJhB56rk51kczjpToK%2Bn9FuVbXok48Kh3veE4III9U5jLkbrVzc2xVFic4M93tZu%2FsrwPG5LsAmh%2Bb1iL6ASrZroMjTqA%3D%3D","environmentVariables":{"FIREBASE_CONFIG":"{\"projectId\":\"zippass-ae782\",\"storageBucket\":\"zippass-ae782.appspot.com\"}","GCLOUD_PROJECT":"zippass-ae782","EVENTARC_CLOUD_EVENT_SOURCE":"projects/zippass-ae782/locations/us-central1/functions/helloWorld"},"runtime":"nodejs16","buildId":"aa56d7a7-1d4b-41d8-a0b3-acc83c5c00a1","buildName":"projects/839829491962/locations/us-central1/builds/aa56d7a7-1d4b-41d8-a0b3-acc83c5c00a1","dockerRegistry":"ARTIFACT_REGISTRY"},"versionId":"2","updateTime":"2023-03-01T08:22:18Z","buildId":"2e13b3e0-03f9-4a1c-81d0-053cfaa5a51c","buildName":"projects/839829491962/locations/us-central1/builds/2e13b3e0-03f9-4a1c-81d0-053cfaa5a51c"}}
[debug] [2023-03-01T08:22:23.730Z] [update-default-us-central1-helloWorld] Retrying task index 0
[debug] [2023-03-01T08:22:23.731Z] >>> [apiv2][query] GET https://cloudfunctions.googleapis.com/v1/operations/emlwcGFzcy1hZTc4Mi91cy1jZW50cmFsMS9oZWxsb1dvcmxkL3dDcmFFTzQwbG5n [none]
[debug] [2023-03-01T08:22:24.405Z] <<< [apiv2][status] GET https://cloudfunctions.googleapis.com/v1/operations/emlwcGFzcy1hZTc4Mi91cy1jZW50cmFsMS9oZWxsb1dvcmxkL3dDcmFFTzQwbG5n 200
[debug] [2023-03-01T08:22:24.405Z] <<< [apiv2][body] GET https://cloudfunctions.googleapis.com/v1/operations/emlwcGFzcy1hZTc4Mi91cy1jZW50cmFsMS9oZWxsb1dvcmxkL3dDcmFFTzQwbG5n {"name":"operations/emlwcGFzcy1hZTc4Mi91cy1jZW50cmFsMS9oZWxsb1dvcmxkL3dDcmFFTzQwbG5n","metadata":{"@type":"type.googleapis.com/google.cloud.functions.v1.OperationMetadataV1","target":"projects/zippass-ae782/locations/us-central1/functions/helloWorld","type":"UPDATE_FUNCTION","request":{"@type":"type.googleapis.com/google.cloud.functions.v1.CloudFunction","name":"projects/zippass-ae782/locations/us-central1/functions/helloWorld","httpsTrigger":{"url":"https://us-central1-zippass-ae782.cloudfunctions.net/helloWorld","securityLevel":"SECURE_ALWAYS"},"status":"ACTIVE","entryPoint":"helloWorld","updateTime":"2023-03-01T08:04:03.279Z","versionId":"1","labels":{"deployment-tool":"cli-firebase","firebase-functions-hash":"fc69ca81ac8690c7386ee77def8b566dd44e7839"},"sourceUploadUrl":"https://storage.googleapis.com/uploads-294041090976.us-central1.cloudfunctions.appspot.com/36ec055f-f262-46ae-baa9-eb5898eeb84d.zip?GoogleAccessId=service-839829491962@gcf-admin-robot.iam.gserviceaccount.com&Expires=1677660736&Signature=lYxVkoms359aNm45EzG1Zjh0AqEsZkCt3iilHe3zGY%2B3ytw59ohQDblxuezg36%2BFZG3VQvlJ5dOunVa9zcRSi%2FiDl4s8pkjb4qtNgwu3p9kqwvyvAP7Gm8Jj%2FifAoTbO9%2Foaqvkt9UxGjs%2FSYJz8sJ0jRPXW5ThCN6YGlc%2BpsRTCzJYnx1H4kIEMEjkm%2B1b7pdgh%2BZKrdxDZSyLgzYEHWUhxc0v9d1SFyVkVOy9R4q18TgGOIxM%2Bdge8VKJhB56rk51kczjpToK%2Bn9FuVbXok48Kh3veE4III9U5jLkbrVzc2xVFic4M93tZu%2FsrwPG5LsAmh%2Bb1iL6ASrZroMjTqA%3D%3D","environmentVariables":{"FIREBASE_CONFIG":"{\"projectId\":\"zippass-ae782\",\"storageBucket\":\"zippass-ae782.appspot.com\"}","GCLOUD_PROJECT":"zippass-ae782","EVENTARC_CLOUD_EVENT_SOURCE":"projects/zippass-ae782/locations/us-central1/functions/helloWorld"},"runtime":"nodejs16","buildId":"aa56d7a7-1d4b-41d8-a0b3-acc83c5c00a1","buildName":"projects/839829491962/locations/us-central1/builds/aa56d7a7-1d4b-41d8-a0b3-acc83c5c00a1","dockerRegistry":"ARTIFACT_REGISTRY"},"versionId":"2","updateTime":"2023-03-01T08:22:18Z","buildId":"2e13b3e0-03f9-4a1c-81d0-053cfaa5a51c","buildName":"projects/839829491962/locations/us-central1/builds/2e13b3e0-03f9-4a1c-81d0-053cfaa5a51c"}}
[debug] [2023-03-01T08:22:28.406Z] [update-default-us-central1-helloWorld] Retrying task index 0
[debug] [2023-03-01T08:22:28.406Z] >>> [apiv2][query] GET https://cloudfunctions.googleapis.com/v1/operations/emlwcGFzcy1hZTc4Mi91cy1jZW50cmFsMS9oZWxsb1dvcmxkL3dDcmFFTzQwbG5n [none]
[debug] [2023-03-01T08:22:28.864Z] <<< [apiv2][status] GET https://cloudfunctions.googleapis.com/v1/operations/emlwcGFzcy1hZTc4Mi91cy1jZW50cmFsMS9oZWxsb1dvcmxkL3dDcmFFTzQwbG5n 200
[debug] [2023-03-01T08:22:28.864Z] <<< [apiv2][body] GET https://cloudfunctions.googleapis.com/v1/operations/emlwcGFzcy1hZTc4Mi91cy1jZW50cmFsMS9oZWxsb1dvcmxkL3dDcmFFTzQwbG5n {"name":"operations/emlwcGFzcy1hZTc4Mi91cy1jZW50cmFsMS9oZWxsb1dvcmxkL3dDcmFFTzQwbG5n","metadata":{"@type":"type.googleapis.com/google.cloud.functions.v1.OperationMetadataV1","target":"projects/zippass-ae782/locations/us-central1/functions/helloWorld","type":"UPDATE_FUNCTION","request":{"@type":"type.googleapis.com/google.cloud.functions.v1.CloudFunction","name":"projects/zippass-ae782/locations/us-central1/functions/helloWorld","httpsTrigger":{"url":"https://us-central1-zippass-ae782.cloudfunctions.net/helloWorld","securityLevel":"SECURE_ALWAYS"},"status":"ACTIVE","entryPoint":"helloWorld","updateTime":"2023-03-01T08:04:03.279Z","versionId":"1","labels":{"deployment-tool":"cli-firebase","firebase-functions-hash":"fc69ca81ac8690c7386ee77def8b566dd44e7839"},"sourceUploadUrl":"https://storage.googleapis.com/uploads-294041090976.us-central1.cloudfunctions.appspot.com/36ec055f-f262-46ae-baa9-eb5898eeb84d.zip?GoogleAccessId=service-839829491962@gcf-admin-robot.iam.gserviceaccount.com&Expires=1677660736&Signature=lYxVkoms359aNm45EzG1Zjh0AqEsZkCt3iilHe3zGY%2B3ytw59ohQDblxuezg36%2BFZG3VQvlJ5dOunVa9zcRSi%2FiDl4s8pkjb4qtNgwu3p9kqwvyvAP7Gm8Jj%2FifAoTbO9%2Foaqvkt9UxGjs%2FSYJz8sJ0jRPXW5ThCN6YGlc%2BpsRTCzJYnx1H4kIEMEjkm%2B1b7pdgh%2BZKrdxDZSyLgzYEHWUhxc0v9d1SFyVkVOy9R4q18TgGOIxM%2Bdge8VKJhB56rk51kczjpToK%2Bn9FuVbXok48Kh3veE4III9U5jLkbrVzc2xVFic4M93tZu%2FsrwPG5LsAmh%2Bb1iL6ASrZroMjTqA%3D%3D","environmentVariables":{"FIREBASE_CONFIG":"{\"projectId\":\"zippass-ae782\",\"storageBucket\":\"zippass-ae782.appspot.com\"}","GCLOUD_PROJECT":"zippass-ae782","EVENTARC_CLOUD_EVENT_SOURCE":"projects/zippass-ae782/locations/us-central1/functions/helloWorld"},"runtime":"nodejs16","buildId":"aa56d7a7-1d4b-41d8-a0b3-acc83c5c00a1","buildName":"projects/839829491962/locations/us-central1/builds/aa56d7a7-1d4b-41d8-a0b3-acc83c5c00a1","dockerRegistry":"ARTIFACT_REGISTRY"},"versionId":"2","updateTime":"2023-03-01T08:22:18Z","buildId":"2e13b3e0-03f9-4a1c-81d0-053cfaa5a51c","buildName":"projects/839829491962/locations/us-central1/builds/2e13b3e0-03f9-4a1c-81d0-053cfaa5a51c"}}
[debug] [2023-03-01T08:22:36.865Z] [update-default-us-central1-helloWorld] Retrying task index 0
[debug] [2023-03-01T08:22:36.866Z] >>> [apiv2][query] GET https://cloudfunctions.googleapis.com/v1/operations/emlwcGFzcy1hZTc4Mi91cy1jZW50cmFsMS9oZWxsb1dvcmxkL3dDcmFFTzQwbG5n [none]
[debug] [2023-03-01T08:22:37.603Z] <<< [apiv2][status] GET https://cloudfunctions.googleapis.com/v1/operations/emlwcGFzcy1hZTc4Mi91cy1jZW50cmFsMS9oZWxsb1dvcmxkL3dDcmFFTzQwbG5n 200
[debug] [2023-03-01T08:22:37.603Z] <<< [apiv2][body] GET https://cloudfunctions.googleapis.com/v1/operations/emlwcGFzcy1hZTc4Mi91cy1jZW50cmFsMS9oZWxsb1dvcmxkL3dDcmFFTzQwbG5n {"name":"operations/emlwcGFzcy1hZTc4Mi91cy1jZW50cmFsMS9oZWxsb1dvcmxkL3dDcmFFTzQwbG5n","metadata":{"@type":"type.googleapis.com/google.cloud.functions.v1.OperationMetadataV1","target":"projects/zippass-ae782/locations/us-central1/functions/helloWorld","type":"UPDATE_FUNCTION","request":{"@type":"type.googleapis.com/google.cloud.functions.v1.CloudFunction","name":"projects/zippass-ae782/locations/us-central1/functions/helloWorld","httpsTrigger":{"url":"https://us-central1-zippass-ae782.cloudfunctions.net/helloWorld","securityLevel":"SECURE_ALWAYS"},"status":"ACTIVE","entryPoint":"helloWorld","updateTime":"2023-03-01T08:04:03.279Z","versionId":"1","labels":{"deployment-tool":"cli-firebase","firebase-functions-hash":"fc69ca81ac8690c7386ee77def8b566dd44e7839"},"sourceUploadUrl":"https://storage.googleapis.com/uploads-294041090976.us-central1.cloudfunctions.appspot.com/36ec055f-f262-46ae-baa9-eb5898eeb84d.zip?GoogleAccessId=service-839829491962@gcf-admin-robot.iam.gserviceaccount.com&Expires=1677660736&Signature=lYxVkoms359aNm45EzG1Zjh0AqEsZkCt3iilHe3zGY%2B3ytw59ohQDblxuezg36%2BFZG3VQvlJ5dOunVa9zcRSi%2FiDl4s8pkjb4qtNgwu3p9kqwvyvAP7Gm8Jj%2FifAoTbO9%2Foaqvkt9UxGjs%2FSYJz8sJ0jRPXW5ThCN6YGlc%2BpsRTCzJYnx1H4kIEMEjkm%2B1b7pdgh%2BZKrdxDZSyLgzYEHWUhxc0v9d1SFyVkVOy9R4q18TgGOIxM%2Bdge8VKJhB56rk51kczjpToK%2Bn9FuVbXok48Kh3veE4III9U5jLkbrVzc2xVFic4M93tZu%2FsrwPG5LsAmh%2Bb1iL6ASrZroMjTqA%3D%3D","environmentVariables":{"FIREBASE_CONFIG":"{\"projectId\":\"zippass-ae782\",\"storageBucket\":\"zippass-ae782.appspot.com\"}","GCLOUD_PROJECT":"zippass-ae782","EVENTARC_CLOUD_EVENT_SOURCE":"projects/zippass-ae782/locations/us-central1/functions/helloWorld"},"runtime":"nodejs16","buildId":"aa56d7a7-1d4b-41d8-a0b3-acc83c5c00a1","buildName":"projects/839829491962/locations/us-central1/builds/aa56d7a7-1d4b-41d8-a0b3-acc83c5c00a1","dockerRegistry":"ARTIFACT_REGISTRY"},"versionId":"2","updateTime":"2023-03-01T08:22:18Z","buildId":"2e13b3e0-03f9-4a1c-81d0-053cfaa5a51c","buildName":"projects/839829491962/locations/us-central1/builds/2e13b3e0-03f9-4a1c-81d0-053cfaa5a51c"}}
[debug] [2023-03-01T08:22:47.604Z] [update-default-us-central1-helloWorld] Retrying task index 0
[debug] [2023-03-01T08:22:47.605Z] >>> [apiv2][query] GET https://cloudfunctions.googleapis.com/v1/operations/emlwcGFzcy1hZTc4Mi91cy1jZW50cmFsMS9oZWxsb1dvcmxkL3dDcmFFTzQwbG5n [none]
[debug] [2023-03-01T08:22:48.605Z] <<< [apiv2][status] GET https://cloudfunctions.googleapis.com/v1/operations/emlwcGFzcy1hZTc4Mi91cy1jZW50cmFsMS9oZWxsb1dvcmxkL3dDcmFFTzQwbG5n 200
[debug] [2023-03-01T08:22:48.605Z] <<< [apiv2][body] GET https://cloudfunctions.googleapis.com/v1/operations/emlwcGFzcy1hZTc4Mi91cy1jZW50cmFsMS9oZWxsb1dvcmxkL3dDcmFFTzQwbG5n {"name":"operations/emlwcGFzcy1hZTc4Mi91cy1jZW50cmFsMS9oZWxsb1dvcmxkL3dDcmFFTzQwbG5n","metadata":{"@type":"type.googleapis.com/google.cloud.functions.v1.OperationMetadataV1","target":"projects/zippass-ae782/locations/us-central1/functions/helloWorld","type":"UPDATE_FUNCTION","request":{"@type":"type.googleapis.com/google.cloud.functions.v1.CloudFunction","name":"projects/zippass-ae782/locations/us-central1/functions/helloWorld","httpsTrigger":{"url":"https://us-central1-zippass-ae782.cloudfunctions.net/helloWorld","securityLevel":"SECURE_ALWAYS"},"status":"ACTIVE","entryPoint":"helloWorld","updateTime":"2023-03-01T08:04:03.279Z","versionId":"1","labels":{"deployment-tool":"cli-firebase","firebase-functions-hash":"fc69ca81ac8690c7386ee77def8b566dd44e7839"},"sourceUploadUrl":"https://storage.googleapis.com/uploads-294041090976.us-central1.cloudfunctions.appspot.com/36ec055f-f262-46ae-baa9-eb5898eeb84d.zip?GoogleAccessId=service-839829491962@gcf-admin-robot.iam.gserviceaccount.com&Expires=1677660736&Signature=lYxVkoms359aNm45EzG1Zjh0AqEsZkCt3iilHe3zGY%2B3ytw59ohQDblxuezg36%2BFZG3VQvlJ5dOunVa9zcRSi%2FiDl4s8pkjb4qtNgwu3p9kqwvyvAP7Gm8Jj%2FifAoTbO9%2Foaqvkt9UxGjs%2FSYJz8sJ0jRPXW5ThCN6YGlc%2BpsRTCzJYnx1H4kIEMEjkm%2B1b7pdgh%2BZKrdxDZSyLgzYEHWUhxc0v9d1SFyVkVOy9R4q18TgGOIxM%2Bdge8VKJhB56rk51kczjpToK%2Bn9FuVbXok48Kh3veE4III9U5jLkbrVzc2xVFic4M93tZu%2FsrwPG5LsAmh%2Bb1iL6ASrZroMjTqA%3D%3D","environmentVariables":{"FIREBASE_CONFIG":"{\"projectId\":\"zippass-ae782\",\"storageBucket\":\"zippass-ae782.appspot.com\"}","GCLOUD_PROJECT":"zippass-ae782","EVENTARC_CLOUD_EVENT_SOURCE":"projects/zippass-ae782/locations/us-central1/functions/helloWorld"},"runtime":"nodejs16","buildId":"aa56d7a7-1d4b-41d8-a0b3-acc83c5c00a1","buildName":"projects/839829491962/locations/us-central1/builds/aa56d7a7-1d4b-41d8-a0b3-acc83c5c00a1","dockerRegistry":"ARTIFACT_REGISTRY"},"versionId":"2","updateTime":"2023-03-01T08:22:18Z","buildId":"2e13b3e0-03f9-4a1c-81d0-053cfaa5a51c","buildName":"projects/839829491962/locations/us-central1/builds/2e13b3e0-03f9-4a1c-81d0-053cfaa5a51c"}}
[debug] [2023-03-01T08:22:58.606Z] [update-default-us-central1-helloWorld] Retrying task index 0
[debug] [2023-03-01T08:22:58.606Z] >>> [apiv2][query] GET https://cloudfunctions.googleapis.com/v1/operations/emlwcGFzcy1hZTc4Mi91cy1jZW50cmFsMS9oZWxsb1dvcmxkL3dDcmFFTzQwbG5n [none]
[debug] [2023-03-01T08:22:59.414Z] <<< [apiv2][status] GET https://cloudfunctions.googleapis.com/v1/operations/emlwcGFzcy1hZTc4Mi91cy1jZW50cmFsMS9oZWxsb1dvcmxkL3dDcmFFTzQwbG5n 200
[debug] [2023-03-01T08:22:59.414Z] <<< [apiv2][body] GET https://cloudfunctions.googleapis.com/v1/operations/emlwcGFzcy1hZTc4Mi91cy1jZW50cmFsMS9oZWxsb1dvcmxkL3dDcmFFTzQwbG5n {"name":"operations/emlwcGFzcy1hZTc4Mi91cy1jZW50cmFsMS9oZWxsb1dvcmxkL3dDcmFFTzQwbG5n","metadata":{"@type":"type.googleapis.com/google.cloud.functions.v1.OperationMetadataV1","target":"projects/zippass-ae782/locations/us-central1/functions/helloWorld","type":"UPDATE_FUNCTION","request":{"@type":"type.googleapis.com/google.cloud.functions.v1.CloudFunction","name":"projects/zippass-ae782/locations/us-central1/functions/helloWorld","httpsTrigger":{"url":"https://us-central1-zippass-ae782.cloudfunctions.net/helloWorld","securityLevel":"SECURE_ALWAYS"},"status":"ACTIVE","entryPoint":"helloWorld","updateTime":"2023-03-01T08:04:03.279Z","versionId":"1","labels":{"deployment-tool":"cli-firebase","firebase-functions-hash":"fc69ca81ac8690c7386ee77def8b566dd44e7839"},"sourceUploadUrl":"https://storage.googleapis.com/uploads-294041090976.us-central1.cloudfunctions.appspot.com/36ec055f-f262-46ae-baa9-eb5898eeb84d.zip?GoogleAccessId=service-839829491962@gcf-admin-robot.iam.gserviceaccount.com&Expires=1677660736&Signature=lYxVkoms359aNm45EzG1Zjh0AqEsZkCt3iilHe3zGY%2B3ytw59ohQDblxuezg36%2BFZG3VQvlJ5dOunVa9zcRSi%2FiDl4s8pkjb4qtNgwu3p9kqwvyvAP7Gm8Jj%2FifAoTbO9%2Foaqvkt9UxGjs%2FSYJz8sJ0jRPXW5ThCN6YGlc%2BpsRTCzJYnx1H4kIEMEjkm%2B1b7pdgh%2BZKrdxDZSyLgzYEHWUhxc0v9d1SFyVkVOy9R4q18TgGOIxM%2Bdge8VKJhB56rk51kczjpToK%2Bn9FuVbXok48Kh3veE4III9U5jLkbrVzc2xVFic4M93tZu%2FsrwPG5LsAmh%2Bb1iL6ASrZroMjTqA%3D%3D","environmentVariables":{"FIREBASE_CONFIG":"{\"projectId\":\"zippass-ae782\",\"storageBucket\":\"zippass-ae782.appspot.com\"}","GCLOUD_PROJECT":"zippass-ae782","EVENTARC_CLOUD_EVENT_SOURCE":"projects/zippass-ae782/locations/us-central1/functions/helloWorld"},"runtime":"nodejs16","buildId":"aa56d7a7-1d4b-41d8-a0b3-acc83c5c00a1","buildName":"projects/839829491962/locations/us-central1/builds/aa56d7a7-1d4b-41d8-a0b3-acc83c5c00a1","dockerRegistry":"ARTIFACT_REGISTRY"},"versionId":"2","updateTime":"2023-03-01T08:22:18Z","buildId":"2e13b3e0-03f9-4a1c-81d0-053cfaa5a51c","buildName":"projects/839829491962/locations/us-central1/builds/2e13b3e0-03f9-4a1c-81d0-053cfaa5a51c"}}
[debug] [2023-03-01T08:23:09.416Z] [update-default-us-central1-helloWorld] Retrying task index 0
[debug] [2023-03-01T08:23:09.416Z] >>> [apiv2][query] GET https://cloudfunctions.googleapis.com/v1/operations/emlwcGFzcy1hZTc4Mi91cy1jZW50cmFsMS9oZWxsb1dvcmxkL3dDcmFFTzQwbG5n [none]
[debug] [2023-03-01T08:23:09.872Z] <<< [apiv2][status] GET https://cloudfunctions.googleapis.com/v1/operations/emlwcGFzcy1hZTc4Mi91cy1jZW50cmFsMS9oZWxsb1dvcmxkL3dDcmFFTzQwbG5n 200
[debug] [2023-03-01T08:23:09.872Z] <<< [apiv2][body] GET https://cloudfunctions.googleapis.com/v1/operations/emlwcGFzcy1hZTc4Mi91cy1jZW50cmFsMS9oZWxsb1dvcmxkL3dDcmFFTzQwbG5n {"name":"operations/emlwcGFzcy1hZTc4Mi91cy1jZW50cmFsMS9oZWxsb1dvcmxkL3dDcmFFTzQwbG5n","metadata":{"@type":"type.googleapis.com/google.cloud.functions.v1.OperationMetadataV1","target":"projects/zippass-ae782/locations/us-central1/functions/helloWorld","type":"UPDATE_FUNCTION","request":{"@type":"type.googleapis.com/google.cloud.functions.v1.CloudFunction","name":"projects/zippass-ae782/locations/us-central1/functions/helloWorld","httpsTrigger":{"url":"https://us-central1-zippass-ae782.cloudfunctions.net/helloWorld","securityLevel":"SECURE_ALWAYS"},"status":"ACTIVE","entryPoint":"helloWorld","updateTime":"2023-03-01T08:04:03.279Z","versionId":"1","labels":{"deployment-tool":"cli-firebase","firebase-functions-hash":"fc69ca81ac8690c7386ee77def8b566dd44e7839"},"sourceUploadUrl":"https://storage.googleapis.com/uploads-294041090976.us-central1.cloudfunctions.appspot.com/36ec055f-f262-46ae-baa9-eb5898eeb84d.zip?GoogleAccessId=service-839829491962@gcf-admin-robot.iam.gserviceaccount.com&Expires=1677660736&Signature=lYxVkoms359aNm45EzG1Zjh0AqEsZkCt3iilHe3zGY%2B3ytw59ohQDblxuezg36%2BFZG3VQvlJ5dOunVa9zcRSi%2FiDl4s8pkjb4qtNgwu3p9kqwvyvAP7Gm8Jj%2FifAoTbO9%2Foaqvkt9UxGjs%2FSYJz8sJ0jRPXW5ThCN6YGlc%2BpsRTCzJYnx1H4kIEMEjkm%2B1b7pdgh%2BZKrdxDZSyLgzYEHWUhxc0v9d1SFyVkVOy9R4q18TgGOIxM%2Bdge8VKJhB56rk51kczjpToK%2Bn9FuVbXok48Kh3veE4III9U5jLkbrVzc2xVFic4M93tZu%2FsrwPG5LsAmh%2Bb1iL6ASrZroMjTqA%3D%3D","environmentVariables":{"FIREBASE_CONFIG":"{\"projectId\":\"zippass-ae782\",\"storageBucket\":\"zippass-ae782.appspot.com\"}","GCLOUD_PROJECT":"zippass-ae782","EVENTARC_CLOUD_EVENT_SOURCE":"projects/zippass-ae782/locations/us-central1/functions/helloWorld"},"runtime":"nodejs16","buildId":"aa56d7a7-1d4b-41d8-a0b3-acc83c5c00a1","buildName":"projects/839829491962/locations/us-central1/builds/aa56d7a7-1d4b-41d8-a0b3-acc83c5c00a1","dockerRegistry":"ARTIFACT_REGISTRY"},"versionId":"2","updateTime":"2023-03-01T08:22:18Z","buildId":"2e13b3e0-03f9-4a1c-81d0-053cfaa5a51c","buildName":"projects/839829491962/locations/us-central1/builds/2e13b3e0-03f9-4a1c-81d0-053cfaa5a51c"}}
[debug] [2023-03-01T08:23:19.874Z] [update-default-us-central1-helloWorld] Retrying task index 0
[debug] [2023-03-01T08:23:19.875Z] >>> [apiv2][query] GET https://cloudfunctions.googleapis.com/v1/operations/emlwcGFzcy1hZTc4Mi91cy1jZW50cmFsMS9oZWxsb1dvcmxkL3dDcmFFTzQwbG5n [none]
[debug] [2023-03-01T08:23:20.470Z] <<< [apiv2][status] GET https://cloudfunctions.googleapis.com/v1/operations/emlwcGFzcy1hZTc4Mi91cy1jZW50cmFsMS9oZWxsb1dvcmxkL3dDcmFFTzQwbG5n 200
[debug] [2023-03-01T08:23:20.471Z] <<< [apiv2][body] GET https://cloudfunctions.googleapis.com/v1/operations/emlwcGFzcy1hZTc4Mi91cy1jZW50cmFsMS9oZWxsb1dvcmxkL3dDcmFFTzQwbG5n {"name":"operations/emlwcGFzcy1hZTc4Mi91cy1jZW50cmFsMS9oZWxsb1dvcmxkL3dDcmFFTzQwbG5n","metadata":{"@type":"type.googleapis.com/google.cloud.functions.v1.OperationMetadataV1","target":"projects/zippass-ae782/locations/us-central1/functions/helloWorld","type":"UPDATE_FUNCTION","request":{"@type":"type.googleapis.com/google.cloud.functions.v1.CloudFunction","name":"projects/zippass-ae782/locations/us-central1/functions/helloWorld","httpsTrigger":{"url":"https://us-central1-zippass-ae782.cloudfunctions.net/helloWorld","securityLevel":"SECURE_ALWAYS"},"status":"ACTIVE","entryPoint":"helloWorld","updateTime":"2023-03-01T08:04:03.279Z","versionId":"1","labels":{"deployment-tool":"cli-firebase","firebase-functions-hash":"fc69ca81ac8690c7386ee77def8b566dd44e7839"},"sourceUploadUrl":"https://storage.googleapis.com/uploads-294041090976.us-central1.cloudfunctions.appspot.com/36ec055f-f262-46ae-baa9-eb5898eeb84d.zip?GoogleAccessId=service-839829491962@gcf-admin-robot.iam.gserviceaccount.com&Expires=1677660736&Signature=lYxVkoms359aNm45EzG1Zjh0AqEsZkCt3iilHe3zGY%2B3ytw59ohQDblxuezg36%2BFZG3VQvlJ5dOunVa9zcRSi%2FiDl4s8pkjb4qtNgwu3p9kqwvyvAP7Gm8Jj%2FifAoTbO9%2Foaqvkt9UxGjs%2FSYJz8sJ0jRPXW5ThCN6YGlc%2BpsRTCzJYnx1H4kIEMEjkm%2B1b7pdgh%2BZKrdxDZSyLgzYEHWUhxc0v9d1SFyVkVOy9R4q18TgGOIxM%2Bdge8VKJhB56rk51kczjpToK%2Bn9FuVbXok48Kh3veE4III9U5jLkbrVzc2xVFic4M93tZu%2FsrwPG5LsAmh%2Bb1iL6ASrZroMjTqA%3D%3D","environmentVariables":{"FIREBASE_CONFIG":"{\"projectId\":\"zippass-ae782\",\"storageBucket\":\"zippass-ae782.appspot.com\"}","GCLOUD_PROJECT":"zippass-ae782","EVENTARC_CLOUD_EVENT_SOURCE":"projects/zippass-ae782/locations/us-central1/functions/helloWorld"},"runtime":"nodejs16","buildId":"aa56d7a7-1d4b-41d8-a0b3-acc83c5c00a1","buildName":"projects/839829491962/locations/us-central1/builds/aa56d7a7-1d4b-41d8-a0b3-acc83c5c00a1","dockerRegistry":"ARTIFACT_REGISTRY"},"versionId":"2","updateTime":"2023-03-01T08:22:18Z","buildId":"2e13b3e0-03f9-4a1c-81d0-053cfaa5a51c","buildName":"projects/839829491962/locations/us-central1/builds/2e13b3e0-03f9-4a1c-81d0-053cfaa5a51c"}}
[debug] [2023-03-01T08:23:33.834Z] ----------------------------------------------------------------------
[debug] [2023-03-01T08:23:33.836Z] Command:       /Users/insu/.nvm/versions/node/v16.19.1/bin/node /Users/insu/.yarn-global/bin/firebase deploy
[debug] [2023-03-01T08:23:33.837Z] CLI Version:   11.24.0
[debug] [2023-03-01T08:23:33.837Z] Platform:      darwin
[debug] [2023-03-01T08:23:33.837Z] Node Version:  v16.19.1
[debug] [2023-03-01T08:23:33.838Z] Time:          Wed Mar 01 2023 17:23:33 GMT+0900 (대한민국 표준시)
[debug] [2023-03-01T08:23:33.838Z] ----------------------------------------------------------------------
[debug] 
[debug] [2023-03-01T08:23:33.905Z] > command requires scopes: ["email","openid","https://www.googleapis.com/auth/cloudplatformprojects.readonly","https://www.googleapis.com/auth/firebase","https://www.googleapis.com/auth/cloud-platform"]
[debug] [2023-03-01T08:23:33.906Z] > authorizing via signed-in user (carpediem7760@gmail.com)
[debug] [2023-03-01T08:23:33.906Z] [iam] checking project zippass-ae782 for permissions ["cloudfunctions.functions.create","cloudfunctions.functions.delete","cloudfunctions.functions.get","cloudfunctions.functions.list","cloudfunctions.functions.update","cloudfunctions.operations.get","firebase.projects.get"]
[debug] [2023-03-01T08:23:33.908Z] >>> [apiv2][query] POST https://cloudresourcemanager.googleapis.com/v1/projects/zippass-ae782:testIamPermissions [none]
[debug] [2023-03-01T08:23:33.908Z] >>> [apiv2][(partial)header] POST https://cloudresourcemanager.googleapis.com/v1/projects/zippass-ae782:testIamPermissions x-goog-quota-user=projects/zippass-ae782
[debug] [2023-03-01T08:23:33.908Z] >>> [apiv2][body] POST https://cloudresourcemanager.googleapis.com/v1/projects/zippass-ae782:testIamPermissions {"permissions":["cloudfunctions.functions.create","cloudfunctions.functions.delete","cloudfunctions.functions.get","cloudfunctions.functions.list","cloudfunctions.functions.update","cloudfunctions.operations.get","firebase.projects.get"]}
[debug] [2023-03-01T08:23:35.003Z] <<< [apiv2][status] POST https://cloudresourcemanager.googleapis.com/v1/projects/zippass-ae782:testIamPermissions 200
[debug] [2023-03-01T08:23:35.003Z] <<< [apiv2][body] POST https://cloudresourcemanager.googleapis.com/v1/projects/zippass-ae782:testIamPermissions {"permissions":["cloudfunctions.functions.create","cloudfunctions.functions.delete","cloudfunctions.functions.get","cloudfunctions.functions.list","cloudfunctions.functions.update","cloudfunctions.operations.get","firebase.projects.get"]}
[debug] [2023-03-01T08:23:35.004Z] >>> [apiv2][query] POST https://iam.googleapis.com/v1/projects/zippass-ae782/serviceAccounts/zippass-ae782@appspot.gserviceaccount.com:testIamPermissions [none]
[debug] [2023-03-01T08:23:35.004Z] >>> [apiv2][body] POST https://iam.googleapis.com/v1/projects/zippass-ae782/serviceAccounts/zippass-ae782@appspot.gserviceaccount.com:testIamPermissions {"permissions":["iam.serviceAccounts.actAs"]}
